Using pre-set license
Built from '2020.3/staging' branch; Version is '2020.3.5f1 (8095aa901b9b) revision 8426922'; Using compiler version '192528614'; Build Type 'Release'
OS: 'Windows 10 Education; OS build 19044.1288; Version 2009; 64bit' Language: 'en' Physical Memory: 32642 MB
BatchMode: 1, IsHumanControllingUs: 0, StartBugReporterOnCrash: 0, Is64bit: 1, IsPro: 0

 COMMAND LINE ARGUMENTS:
C:\Program Files\Unity\Hub\Editor\2020.3.5f1\Editor\Unity.exe
-adb2
-batchMode
-noUpm
-name
AssetImportWorker0
-projectPath
C:/Users/s210597/Desktop/TheChoppingAxiedent/TheChoppingAxiedent
-logFile
Logs/AssetImportWorker0.log
-srvPort
58031
Successfully changed project path to: C:/Users/s210597/Desktop/TheChoppingAxiedent/TheChoppingAxiedent
C:/Users/s210597/Desktop/TheChoppingAxiedent/TheChoppingAxiedent
Using Asset Import Pipeline V2.
Refreshing native plugins compatible for Editor in 82.26 ms, found 0 plugins.
Preloading 0 native plugins for Editor in 0.00 ms.
Initialize engine version: 2020.3.5f1 (8095aa901b9b)
[Subsystems] Discovering subsystems at path C:/Program Files/Unity/Hub/Editor/2020.3.5f1/Editor/Data/Resources/UnitySubsystems
[Subsystems] Discovering subsystems at path C:/Users/s210597/Desktop/TheChoppingAxiedent/TheChoppingAxiedent/Assets
GfxDevice: creating device client; threaded=0
Direct3D:
    Version:  Direct3D 11.0 [level 11.1]
    Renderer: NVIDIA GeForce GTX 970 (ID=0x13c2)
    Vendor:   
    VRAM:     4043 MB
    Driver:   30.0.14.9676
Initialize mono
Mono path[0] = 'C:/Program Files/Unity/Hub/Editor/2020.3.5f1/Editor/Data/Managed'
Mono path[1] = 'C:/Program Files/Unity/Hub/Editor/2020.3.5f1/Editor/Data/MonoBleedingEdge/lib/mono/unityjit'
Mono config path = 'C:/Program Files/Unity/Hub/Editor/2020.3.5f1/Editor/Data/MonoBleedingEdge/etc'
Using monoOptions --debugger-agent=transport=dt_socket,embedding=1,server=y,suspend=n,address=127.0.0.1:56636
Begin MonoManager ReloadAssembly
Registering precompiled unity dll's ...
Register platform support module: C:/Program Files/Unity/Hub/Editor/2020.3.5f1/Editor/Data/PlaybackEngines/WebGLSupport/UnityEditor.WebGL.Extensions.dll
Register platform support module: C:/Program Files/Unity/Hub/Editor/2020.3.5f1/Editor/Data/PlaybackEngines/WindowsStandaloneSupport/UnityEditor.WindowsStandalone.Extensions.dll
Registered in 0.003297 seconds.
Native extension for WindowsStandalone target not found
Native extension for WebGL target not found
Refreshing native plugins compatible for Editor in 52.69 ms, found 0 plugins.
Preloading 0 native plugins for Editor in 0.00 ms.
Mono: successfully reloaded assembly
- Completed reload, in  3.364 seconds
Platform modules already initialized, skipping
Registering precompiled user dll's ...
Registered in 0.001293 seconds.
Begin MonoManager ReloadAssembly
Native extension for WindowsStandalone target not found
Native extension for WebGL target not found
Refreshing native plugins compatible for Editor in 77.33 ms, found 0 plugins.
Preloading 0 native plugins for Editor in 0.00 ms.
Mono: successfully reloaded assembly
- Completed reload, in  1.392 seconds
Platform modules already initialized, skipping
========================================================================
Worker process is ready to serve import requests
Shader 'Universal Render Pipeline/Particles/Lit': fallback shader 'Universal Render Pipeline/Particles/SimpleLit' not found
Shader 'Universal Render Pipeline/Particles/Lit': fallback shader 'Universal Render Pipeline/Particles/SimpleLit' not found
Launched and connected shader compiler UnityShaderCompiler.exe after 0.05 seconds
Refreshing native plugins compatible for Editor in 0.95 ms, found 0 plugins.
Preloading 0 native plugins for Editor in 0.00 ms.
Unloading 2421 Unused Serialized files (Serialized files now loaded: 0)
System memory in use before: 113.6 MB.
System memory in use after: 110.8 MB.

Unloading 45 unused Assets to reduce memory usage. Loaded Objects now: 2827.
Total: 6.175000 ms (FindLiveObjects: 0.598100 ms CreateObjectMapping: 0.334700 ms MarkObjects: 3.353900 ms  DeleteObjects: 1.886200 ms)

========================================================================
Received Import Request.
  path: Assets/Readme.asset
  artifactKey: Guid(83c2ed844a8c74b779a4c823d16594b1) Importer(815301076,1909f56bfc062723c751e8b465ee728b)
Start importing Assets/Readme.asset using Guid(83c2ed844a8c74b779a4c823d16594b1) Importer(815301076,1909f56bfc062723c751e8b465ee728b)  -> (artifact id: 'fa7ed051ced4084210995b9ef96a3a7f') in 0.041167 seconds
  Import took 0.045988 seconds .

========================================================================
Received Import Request.
  Time since last request: 9.576544 seconds.
  path: Assets/Scenes
  artifactKey: Guid(621b54d98f80e134f859dd8c11ef1185) Importer(815301076,1909f56bfc062723c751e8b465ee728b)
Start importing Assets/Scenes using Guid(621b54d98f80e134f859dd8c11ef1185) Importer(815301076,1909f56bfc062723c751e8b465ee728b)  -> (artifact id: '254094cfc7e05a725f40b95f5238c0fb') in 0.008055 seconds
  Import took 0.014042 seconds .

========================================================================
Received Import Request.
  Time since last request: 8.447049 seconds.
  path: Assets/Scenes/Testing.unity
  artifactKey: Guid(693541365c30b604eb16c5d0ea1ef178) Importer(815301076,1909f56bfc062723c751e8b465ee728b)
Start importing Assets/Scenes/Testing.unity using Guid(693541365c30b604eb16c5d0ea1ef178) Importer(815301076,1909f56bfc062723c751e8b465ee728b)  -> (artifact id: '2dad321a0bcbdeabfac52229358b5a5f') in 5.016668 seconds
  Import took 8.353359 seconds .

========================================================================
Received Import Request.
  Time since last request: 0.001209 seconds.
  path: Assets/Scenes/Level1.unity
  artifactKey: Guid(e8faa5e0b33a4044b81466a75544f064) Importer(815301076,1909f56bfc062723c751e8b465ee728b)
Start importing Assets/Scenes/Level1.unity using Guid(e8faa5e0b33a4044b81466a75544f064) Importer(815301076,1909f56bfc062723c751e8b465ee728b)  -> (artifact id: 'c0c392848e312ea5ac2f92bc5566794f') in 0.012455 seconds
  Import took 0.018882 seconds .

AssetImportWorkerClient::OnTransportError - code=2 error=End of file
